Failure # 1 (occurred at 2022-02-28_21-57-47)
Traceback (most recent call last):
  File "/root/anaconda3/envs/flow/lib/python3.7/site-packages/ray/tune/trial_runner.py", line 893, in _process_trial
    results = self.trial_executor.fetch_result(trial)
  File "/root/anaconda3/envs/flow/lib/python3.7/site-packages/ray/tune/ray_trial_executor.py", line 707, in fetch_result
    result = ray.get(trial_future[0], timeout=DEFAULT_GET_TIMEOUT)
  File "/root/anaconda3/envs/flow/lib/python3.7/site-packages/ray/_private/client_mode_hook.py", line 105, in wrapper
    return func(*args, **kwargs)
  File "/root/anaconda3/envs/flow/lib/python3.7/site-packages/ray/worker.py", line 1733, in get
    raise value.as_instanceof_cause()
ray.exceptions.RayTaskError(ValueError): [36mray::PPOTrainer.train()[39m (pid=16233, ip=172.17.0.2, repr=PPOTrainer)
  File "/root/anaconda3/envs/flow/lib/python3.7/site-packages/ray/tune/trainable.py", line 315, in train
    result = self.step()
  File "/root/anaconda3/envs/flow/lib/python3.7/site-packages/ray/rllib/agents/trainer.py", line 977, in step
    raise e
  File "/root/anaconda3/envs/flow/lib/python3.7/site-packages/ray/rllib/agents/trainer.py", line 963, in step
    step_attempt_results = self.step_attempt()
  File "/root/anaconda3/envs/flow/lib/python3.7/site-packages/ray/rllib/agents/trainer.py", line 1042, in step_attempt
    step_results = self._exec_plan_or_training_iteration_fn()
  File "/root/anaconda3/envs/flow/lib/python3.7/site-packages/ray/rllib/agents/trainer.py", line 1962, in _exec_plan_or_training_iteration_fn
    results = next(self.train_exec_impl)
  File "/root/anaconda3/envs/flow/lib/python3.7/site-packages/ray/util/iter.py", line 756, in __next__
    return next(self.built_iterator)
  File "/root/anaconda3/envs/flow/lib/python3.7/site-packages/ray/util/iter.py", line 783, in apply_foreach
    for item in it:
  File "/root/anaconda3/envs/flow/lib/python3.7/site-packages/ray/util/iter.py", line 783, in apply_foreach
    for item in it:
  File "/root/anaconda3/envs/flow/lib/python3.7/site-packages/ray/util/iter.py", line 843, in apply_filter
    for item in it:
  File "/root/anaconda3/envs/flow/lib/python3.7/site-packages/ray/util/iter.py", line 843, in apply_filter
    for item in it:
  File "/root/anaconda3/envs/flow/lib/python3.7/site-packages/ray/util/iter.py", line 783, in apply_foreach
    for item in it:
  File "/root/anaconda3/envs/flow/lib/python3.7/site-packages/ray/util/iter.py", line 783, in apply_foreach
    for item in it:
  File "/root/anaconda3/envs/flow/lib/python3.7/site-packages/ray/util/iter.py", line 783, in apply_foreach
    for item in it:
  [Previous line repeated 1 more time]
  File "/root/anaconda3/envs/flow/lib/python3.7/site-packages/ray/util/iter.py", line 876, in apply_flatten
    for item in it:
  File "/root/anaconda3/envs/flow/lib/python3.7/site-packages/ray/util/iter.py", line 783, in apply_foreach
    for item in it:
  File "/root/anaconda3/envs/flow/lib/python3.7/site-packages/ray/util/iter.py", line 783, in apply_foreach
    for item in it:
  File "/root/anaconda3/envs/flow/lib/python3.7/site-packages/ray/util/iter.py", line 783, in apply_foreach
    for item in it:
  [Previous line repeated 1 more time]
  File "/root/anaconda3/envs/flow/lib/python3.7/site-packages/ray/util/iter.py", line 471, in base_iterator
    yield ray.get(futures, timeout=timeout)
ray.exceptions.RayTaskError(ValueError): [36mray::RolloutWorker.par_iter_next()[39m (pid=16232, ip=172.17.0.2, repr=<ray.rllib.evaluation.rollout_worker.RolloutWorker object at 0x7f03b4602b70>)
  File "/root/anaconda3/envs/flow/lib/python3.7/site-packages/ray/util/iter.py", line 1151, in par_iter_next
    return next(self.local_it)
  File "/root/anaconda3/envs/flow/lib/python3.7/site-packages/ray/rllib/evaluation/rollout_worker.py", line 382, in gen_rollouts
    yield self.sample()
  File "/root/anaconda3/envs/flow/lib/python3.7/site-packages/ray/rllib/evaluation/rollout_worker.py", line 761, in sample
    batches = [self.input_reader.next()]
  File "/root/anaconda3/envs/flow/lib/python3.7/site-packages/ray/rllib/evaluation/sampler.py", line 104, in next
    batches = [self.get_data()]
  File "/root/anaconda3/envs/flow/lib/python3.7/site-packages/ray/rllib/evaluation/sampler.py", line 266, in get_data
    item = next(self._env_runner)
  File "/root/anaconda3/envs/flow/lib/python3.7/site-packages/ray/rllib/evaluation/sampler.py", line 648, in _env_runner
    sample_collector=sample_collector,
  File "/root/anaconda3/envs/flow/lib/python3.7/site-packages/ray/rllib/evaluation/sampler.py", line 852, in _process_observations
    prep_obs = preprocessor.transform(raw_obs)
  File "/root/anaconda3/envs/flow/lib/python3.7/site-packages/ray/rllib/models/preprocessors.py", line 195, in transform
    self.check_shape(observation)
  File "/root/anaconda3/envs/flow/lib/python3.7/site-packages/ray/rllib/models/preprocessors.py", line 76, in check_shape
    gym.spaces.Box) else None, self._obs_space)
ValueError: ('Observation ({} dtype={}) outside given space ({})!', array([ 0.25313354,  0.74686646,  1.        ,  0.00894776,  0.0111755 ,
        0.03953981,  0.10463212,  0.13965034, -0.04235439,  0.00520066,
        0.        ,  0.        ,  0.        ,  0.        ,  0.        ,
        0.        ,  0.        ,  0.        ,  0.        ,  0.        ,
        0.        ,  0.        ,  0.        ,  0.        ,  0.        ],
      dtype=float32), dtype('float32'), Box(25,))

Failure # 2 (occurred at 2022-02-28_21-58-05)
Traceback (most recent call last):
  File "/root/anaconda3/envs/flow/lib/python3.7/site-packages/ray/tune/trial_runner.py", line 893, in _process_trial
    results = self.trial_executor.fetch_result(trial)
  File "/root/anaconda3/envs/flow/lib/python3.7/site-packages/ray/tune/ray_trial_executor.py", line 707, in fetch_result
    result = ray.get(trial_future[0], timeout=DEFAULT_GET_TIMEOUT)
  File "/root/anaconda3/envs/flow/lib/python3.7/site-packages/ray/_private/client_mode_hook.py", line 105, in wrapper
    return func(*args, **kwargs)
  File "/root/anaconda3/envs/flow/lib/python3.7/site-packages/ray/worker.py", line 1733, in get
    raise value.as_instanceof_cause()
ray.exceptions.RayTaskError(ValueError): [36mray::PPOTrainer.train()[39m (pid=16795, ip=172.17.0.2, repr=PPOTrainer)
  File "/root/anaconda3/envs/flow/lib/python3.7/site-packages/ray/tune/trainable.py", line 315, in train
    result = self.step()
  File "/root/anaconda3/envs/flow/lib/python3.7/site-packages/ray/rllib/agents/trainer.py", line 977, in step
    raise e
  File "/root/anaconda3/envs/flow/lib/python3.7/site-packages/ray/rllib/agents/trainer.py", line 963, in step
    step_attempt_results = self.step_attempt()
  File "/root/anaconda3/envs/flow/lib/python3.7/site-packages/ray/rllib/agents/trainer.py", line 1042, in step_attempt
    step_results = self._exec_plan_or_training_iteration_fn()
  File "/root/anaconda3/envs/flow/lib/python3.7/site-packages/ray/rllib/agents/trainer.py", line 1962, in _exec_plan_or_training_iteration_fn
    results = next(self.train_exec_impl)
  File "/root/anaconda3/envs/flow/lib/python3.7/site-packages/ray/util/iter.py", line 756, in __next__
    return next(self.built_iterator)
  File "/root/anaconda3/envs/flow/lib/python3.7/site-packages/ray/util/iter.py", line 783, in apply_foreach
    for item in it:
  File "/root/anaconda3/envs/flow/lib/python3.7/site-packages/ray/util/iter.py", line 783, in apply_foreach
    for item in it:
  File "/root/anaconda3/envs/flow/lib/python3.7/site-packages/ray/util/iter.py", line 843, in apply_filter
    for item in it:
  File "/root/anaconda3/envs/flow/lib/python3.7/site-packages/ray/util/iter.py", line 843, in apply_filter
    for item in it:
  File "/root/anaconda3/envs/flow/lib/python3.7/site-packages/ray/util/iter.py", line 783, in apply_foreach
    for item in it:
  File "/root/anaconda3/envs/flow/lib/python3.7/site-packages/ray/util/iter.py", line 783, in apply_foreach
    for item in it:
  File "/root/anaconda3/envs/flow/lib/python3.7/site-packages/ray/util/iter.py", line 783, in apply_foreach
    for item in it:
  [Previous line repeated 1 more time]
  File "/root/anaconda3/envs/flow/lib/python3.7/site-packages/ray/util/iter.py", line 876, in apply_flatten
    for item in it:
  File "/root/anaconda3/envs/flow/lib/python3.7/site-packages/ray/util/iter.py", line 783, in apply_foreach
    for item in it:
  File "/root/anaconda3/envs/flow/lib/python3.7/site-packages/ray/util/iter.py", line 783, in apply_foreach
    for item in it:
  File "/root/anaconda3/envs/flow/lib/python3.7/site-packages/ray/util/iter.py", line 783, in apply_foreach
    for item in it:
  [Previous line repeated 1 more time]
  File "/root/anaconda3/envs/flow/lib/python3.7/site-packages/ray/util/iter.py", line 471, in base_iterator
    yield ray.get(futures, timeout=timeout)
ray.exceptions.RayTaskError(ValueError): [36mray::RolloutWorker.par_iter_next()[39m (pid=16830, ip=172.17.0.2, repr=<ray.rllib.evaluation.rollout_worker.RolloutWorker object at 0x7f0f7533ecf8>)
  File "/root/anaconda3/envs/flow/lib/python3.7/site-packages/ray/util/iter.py", line 1151, in par_iter_next
    return next(self.local_it)
  File "/root/anaconda3/envs/flow/lib/python3.7/site-packages/ray/rllib/evaluation/rollout_worker.py", line 382, in gen_rollouts
    yield self.sample()
  File "/root/anaconda3/envs/flow/lib/python3.7/site-packages/ray/rllib/evaluation/rollout_worker.py", line 761, in sample
    batches = [self.input_reader.next()]
  File "/root/anaconda3/envs/flow/lib/python3.7/site-packages/ray/rllib/evaluation/sampler.py", line 104, in next
    batches = [self.get_data()]
  File "/root/anaconda3/envs/flow/lib/python3.7/site-packages/ray/rllib/evaluation/sampler.py", line 266, in get_data
    item = next(self._env_runner)
  File "/root/anaconda3/envs/flow/lib/python3.7/site-packages/ray/rllib/evaluation/sampler.py", line 648, in _env_runner
    sample_collector=sample_collector,
  File "/root/anaconda3/envs/flow/lib/python3.7/site-packages/ray/rllib/evaluation/sampler.py", line 852, in _process_observations
    prep_obs = preprocessor.transform(raw_obs)
  File "/root/anaconda3/envs/flow/lib/python3.7/site-packages/ray/rllib/models/preprocessors.py", line 195, in transform
    self.check_shape(observation)
  File "/root/anaconda3/envs/flow/lib/python3.7/site-packages/ray/rllib/models/preprocessors.py", line 76, in check_shape
    gym.spaces.Box) else None, self._obs_space)
ValueError: ('Observation ({} dtype={}) outside given space ({})!', array([ 0.2163369 ,  0.7836631 ,  1.        , -0.01758497,  0.00996953,
        0.12483964,  0.09352019,  0.22600865, -0.02914727,  0.00932814,
        0.04975129, -0.02937754,  0.00627301,  0.03440759,  0.00347551,
        0.        ,  0.        ,  0.        ,  0.        ,  0.        ,
        0.        ,  0.        ,  0.        ,  0.        ,  0.        ],
      dtype=float32), dtype('float32'), Box(25,))

